<?xml version='1.0' encoding='UTF-8'?>
<testsuite hostname="LT15-11010-R" name="eLTLtest" tests="10" errors="0" failures="0" skipped="0" time="11.412" timestamp="2021-09-20T03:55:06">
                     <properties>
      <property name="jline.esc.timeout" value="0"/><property name="java.runtime.name" value="Java(TM) SE Runtime Environment"/><property name="sun.boot.library.path" value="C:\Program Files\Java\jre1.8.0_301\bin"/><property name="java.vm.version" value="25.301-b09"/><property name="java.vm.vendor" value="Oracle Corporation"/><property name="java.vendor.url" value="http://java.oracle.com/"/><property name="path.separator" value=";"/><property name="jna.loaded" value="true"/><property name="java.vm.name" value="Java HotSpot(TM) 64-Bit Server VM"/><property name="file.encoding.pkg" value="sun.io"/><property name="user.country" value="ES"/><property name="user.script" value=""/><property name="sun.java.launcher" value="SUN_STANDARD"/><property name="sun.os.patch.level" value=""/><property name="jna.nosys" value="true"/><property name="java.vm.specification.name" value="Java Virtual Machine Specification"/><property name="user.dir" value="C:\Users\aba\git\eLTL-master"/><property name="java.runtime.version" value="1.8.0_301-b09"/><property name="java.awt.graphicsenv" value="sun.awt.Win32GraphicsEnvironment"/><property name="java.endorsed.dirs" value="C:\Program Files\Java\jre1.8.0_301\lib\endorsed"/><property name="os.arch" value="amd64"/><property name="java.io.tmpdir" value="C:\Users\aba\AppData\Local\Temp\"/><property name="line.separator" value="
"/><property name="java.vm.specification.vendor" value="Oracle Corporation"/><property name="log4j.ignoreTCL" value="true"/><property name="user.variant" value=""/><property name="os.name" value="Windows 10"/><property name="sun.jnu.encoding" value="Cp1252"/><property name="jnidispatch.path" value="C:\Users\aba\AppData\Local\Temp\jna-96352\jna3350266983130141948.dll"/><property name="java.library.path" value="C:\Program Files (x86)\Common Files\Oracle\Java\javapath;C:\WINDOWS\Sun\Java\bin;C:\WINDOWS\system32;C:\WINDOWS;C:\Program Files\Java\jre1.8.0_261\bin\jdk-13.0.1\bin;C:\Python37\Scripts;C:\Python37;C:\Program Files (x86)\Common Files\Oracle\Java\javapath;C:\app\client\product\12.1.0\client_1\bin;C:\WINDOWS\system32;C:\WINDOWS;C:\WINDOWS\System32\Wbem;C:\WINDOWS\System32\WindowsPowerShell\v1.0;C:\WINDOWS\System32\OpenSSH;C:\Program Files (x86)\gs\gs9.22\bin;C:\Users\aba;C:\Program Files\Intel\WiFi\bin;C:\Program Files\Common Files\Intel\WirelessCommon;C:\Program Files\Java\jdk-13.0.1\bin;C:\Users\aba\z3\build;C:\ProgramData\chocolatey\bin;C:\Users\aba\scoop\apps\spark\current\bin;C:\Program Files (x86)\Qualcomm\QCAT 6.x\Bin;..\..\bin\win32;C:\Python27;C:\Program Files\Wireshark;C:\Program Files\Java\jdk1.8.0_251\bin;C:\Program Files\Git\cmd;C:\Program Files\IVI Foundation\VISA\Win64\bin;C:\Program Files (x86)\IVI Foundation\VISA\WinNT\ktvisa;C:\Program Files (x86)\IVI Foundation\VISA\WinNT\bin;C:\Program Files (x86)\IVI Foundation\IVI\bin;C:\Program Files\IVI Foundation\IVI\bin;C:\Program Files (x86)\IVI Foundation\VISA\winnt\agvisa;C:\Program Files\HDF_Group\HDF\4.2.15\bin;C:\Program Files\MATLAB\R2021a\runtime\win64;C:\Program Files\MATLAB\R2021a\bin;C:\Program Files\Microsoft SQL Server\Client SDK\ODBC\130\Tools\Binn;C:\Program Files (x86)\Microsoft SQL Server\140\Tools\Binn;C:\Program Files\Microsoft SQL Server\140\Tools\Binn;C:\Program Files\Microsoft SQL Server\140\DTS\Binn;C:\Program Files (x86)\Qualcomm\QUTSStatusApp;C:\Program Files (x86)\Qualcomm\QIKTool\1.0.114.9;C:\Program Files (x86)\Qualcomm\QXDM5;C:\Users\aba\scoop\apps\python39\current\scripts;C:\Users\aba\scoop\apps\python27\current\scripts;C:\Users\aba\scoop\apps\visualc\current\program files\microsoft visual studio 10.0\Common7\IDE;C:\Users\aba\scoop\apps\visualc\current\program files\microsoft visual studio 10.0\VC\bin;C:\Users\aba\scoop\apps\spark\current\bin;C:\Users\aba\scoop\apps\perl\current\perl\site\bin;C:\Users\aba\scoop\apps\perl\current\perl\bin;C:\Users\aba\scoop\apps\perl\current\c\bin;C:\Users\aba\scoop\apps\maven\current\bin;C:\Users\aba\scoop\apps\nodejs\current\bin;C:\Users\aba\scoop\apps\nodejs\current;C:\Users\aba\scoop\apps\hadoop-winutils\current\bin;C:\Users\aba\scoop\apps\yarn\current\global\node_modules\.bin;C:\Users\aba\scoop\apps\yarn\current\Yarn\bin;C:\Users\aba\scoop\apps\nvm\current\nodejs\nodejs;C:\Users\aba\scoop\shims;C:\Users\aba\AppData\Local\Microsoft\WindowsApps;C:\Program Files\Java\jdk-13.0.1\bin;C:\Users\aba\z3\build;C:\Users\aba\AppData\Local\hyper\app-3.0.2\resources\bin;C:\ProgramData\chocolatey\lib\elasticsearch\tools\elasticsearch-6.7.1\bin;C:\Program Files\Wireshark;C:\Users\aba\AppData\Local\Programs\Microsoft VS Code\bin;C:\Users\aba\AppData\Local\Microsoft\WindowsApps;C:\Program Files\Edument Central Europe\Comma Community Edition 2021.01\bin;C:\Users\aba\AppData\Local\Coursier\data\bin;."/><property name="java.specification.name" value="Java Platform API Specification"/><property name="java.class.version" value="52.0"/><property name="sun.management.compiler" value="HotSpot 64-Bit Tiered Compilers"/><property name="os.version" value="10.0"/><property name="swoval.tmpdir" value="C:\Users\aba\.sbt\1.0"/><property name="user.home" value="C:\Users\aba"/><property name="user.timezone" value="Europe/Paris"/><property name="java.awt.printerjob" value="sun.awt.windows.WPrinterJob"/><property name="file.encoding" value="UTF-8"/><property name="java.specification.version" value="1.8"/><property name="java.class.path" value="C:\Users\aba\scoop\apps\sbt\current\bin\sbt-launch.jar"/><property name="user.name" value="aba"/><property name="jline.shutdownhook" value="false"/><property name="java.vm.specification.version" value="1.8"/><property name="sun.java.command" value="xsbt.boot.Boot"/><property name="java.home" value="C:\Program Files\Java\jre1.8.0_301"/><property name="sun.arch.data.model" value="64"/><property name="user.language" value="es"/><property name="java.specification.vendor" value="Oracle Corporation"/><property name="awt.toolkit" value="sun.awt.windows.WToolkit"/><property name="java.vm.info" value="mixed mode"/><property name="java.version" value="1.8.0_301"/><property name="java.ext.dirs" value="C:\Program Files\Java\jre1.8.0_301\lib\ext;C:\WINDOWS\Sun\Java\lib\ext"/><property name="sun.boot.class.path" value="C:\Program Files\Java\jre1.8.0_301\lib\resources.jar;C:\Program Files\Java\jre1.8.0_301\lib\rt.jar;C:\Program Files\Java\jre1.8.0_301\lib\sunrsasign.jar;C:\Program Files\Java\jre1.8.0_301\lib\jsse.jar;C:\Program Files\Java\jre1.8.0_301\lib\jce.jar;C:\Program Files\Java\jre1.8.0_301\lib\charsets.jar;C:\Program Files\Java\jre1.8.0_301\lib\jfr.jar;C:\Program Files\Java\jre1.8.0_301\classes"/><property name="java.vendor" value="Oracle Corporation"/><property name="sun.stderr.encoding" value="cp850"/><property name="file.separator" value="\"/><property name="java.vendor.url.bug" value="http://bugreport.sun.com/bugreport/"/><property name="sun.io.unicode.encoding" value="UnicodeLittle"/><property name="sun.cpu.endian" value="little"/><property name="sun.stdout.encoding" value="cp850"/><property name="sun.desktop" value="windows"/><property name="sun.cpu.isalist" value="amd64"/>
    </properties>
                     <testcase classname="eLTLtest" name="TC 01: apply" time="0.893">
                                                 
                                               </testcase><testcase classname="eLTLtest" name="TC 03: parse" time="0.5">
                                                 
                                               </testcase><testcase classname="eLTLtest" name="TC 04: intervallPQ" time="0.013">
                                                 
                                               </testcase><testcase classname="eLTLtest" name="TC 05: Interval formula" time="0.276">
                                                 
                                               </testcase><testcase classname="eLTLtest" name="TC 06: UntilPQ" time="1.329">
                                                 
                                               </testcase><testcase classname="eLTLtest" name="TC 07: UntilP: List((2,2))" time="1.712">
                                                 
                                               </testcase><testcase classname="eLTLtest" name="TC 08: EventuallyPQ, def. directa vs def. recursiva" time="2.262">
                                                 
                                               </testcase><testcase classname="eLTLtest" name="TC 09: EventuallyP, def. directa vs def. recursiva" time="1.478">
                                                 
                                               </testcase><testcase classname="eLTLtest" name="TC 10: AlwaysPQ, def. directa vs def. recursiva" time="1.721">
                                                 
                                               </testcase><testcase classname="eLTLtest" name="TC 11: AlwaysP, def. directa vs def. recursiva" time="1.228">
                                                 
                                               </testcase>
                     <system-out><![CDATA[]]></system-out>
                     <system-err><![CDATA[]]></system-err>
                   </testsuite>